SF:/Users/hamed/Desktop/Workspace/ios/Fanap/Logger/Sources/Logger/Cache/CDLog+CoreDataProperties.swift
FN:14,$s6Logger5CDLogC12fetchRequestSo07NSFetchD0CyACGyFZ
FN:19,$s6Logger5CDLogC17entityDescriptionySo08NSEntityD0CSo22NSManagedObjectContextCFZ
FN:23,$s6Logger5CDLogC12insertEntityyACSo22NSManagedObjectContextCFZ
FN:40,$s6Logger5CDLogC6updateyyAA3LogCF
FN:50,$s6Logger5CDLogC7codableAA3LogCvg
FN:52,$s6Logger5CDLogC7codableAA3LogCvgSo8NSNumberCyKXEfu_
FN:54,$s6Logger5CDLogC7codableAA3LogCvgSiyKXEfu0_
FN:55,$s6Logger5CDLogC7codableAA3LogCvgSSyKXEfu1_
FN:55,$s6Logger5CDLogC7codableAA3LogCvg10Foundation4UUIDVyKXEfu2_
FN:57,$s6Logger5CDLogC7codableAA3LogCvg10Foundation4DataVyKXEfu3_
FN:60,$s6Logger5CDLogC8firstLogyyA2AC_So22NSManagedObjectContextCyACSgctFZ
FN:61,$s6Logger5CDLogC8firstLogyyA2AC_So22NSManagedObjectContextCyACSgctFZyyKcfU_
FN:70,$s6Logger5CDLogC6delete6logger7context4logsyA2AC_So22NSManagedObjectContextCSayACGtFZ
FN:71,$s6Logger5CDLogC6delete6logger7context4logsyA2AC_So22NSManagedObjectContextCSayACGtFZyACXEfU_
FN:72,$s6Logger5CDLogC6delete6logger7context4logsyA2AC_So22NSManagedObjectContextCSayACGtFZyACXEfU_yycfU_
FN:79,$s6Logger5CDLogC6insertyyA2AC_So22NSManagedObjectContextCSayAA3LogCGtFZ
FN:80,$s6Logger5CDLogC6insertyyA2AC_So22NSManagedObjectContextCSayAA3LogCGtFZyAIXEfU_
FN:87,$s6Logger5CDLogC5clear6prefixySSSg_tFZ
FN:90,$s6Logger5CDLogC5clear6prefixySSSg_tFZyycfU_
FN:92,$s6Logger5CDLogC5clear6prefixySSSg_tFZyycfU_SSyKXEfu_
FNDA:0,$s6Logger5CDLogC12fetchRequestSo07NSFetchD0CyACGyFZ
FNDA:0,$s6Logger5CDLogC17entityDescriptionySo08NSEntityD0CSo22NSManagedObjectContextCFZ
FNDA:0,$s6Logger5CDLogC12insertEntityyACSo22NSManagedObjectContextCFZ
FNDA:0,$s6Logger5CDLogC6updateyyAA3LogCF
FNDA:0,$s6Logger5CDLogC7codableAA3LogCvg
FNDA:0,$s6Logger5CDLogC7codableAA3LogCvgSo8NSNumberCyKXEfu_
FNDA:0,$s6Logger5CDLogC7codableAA3LogCvgSiyKXEfu0_
FNDA:0,$s6Logger5CDLogC7codableAA3LogCvgSSyKXEfu1_
FNDA:0,$s6Logger5CDLogC7codableAA3LogCvg10Foundation4UUIDVyKXEfu2_
FNDA:0,$s6Logger5CDLogC7codableAA3LogCvg10Foundation4DataVyKXEfu3_
FNDA:0,$s6Logger5CDLogC8firstLogyyA2AC_So22NSManagedObjectContextCyACSgctFZ
FNDA:0,$s6Logger5CDLogC8firstLogyyA2AC_So22NSManagedObjectContextCyACSgctFZyyKcfU_
FNDA:0,$s6Logger5CDLogC6delete6logger7context4logsyA2AC_So22NSManagedObjectContextCSayACGtFZ
FNDA:0,$s6Logger5CDLogC6delete6logger7context4logsyA2AC_So22NSManagedObjectContextCSayACGtFZyACXEfU_
FNDA:0,$s6Logger5CDLogC6delete6logger7context4logsyA2AC_So22NSManagedObjectContextCSayACGtFZyACXEfU_yycfU_
FNDA:0,$s6Logger5CDLogC6insertyyA2AC_So22NSManagedObjectContextCSayAA3LogCGtFZ
FNDA:0,$s6Logger5CDLogC6insertyyA2AC_So22NSManagedObjectContextCSayAA3LogCGtFZyAIXEfU_
FNDA:0,$s6Logger5CDLogC5clear6prefixySSSg_tFZ
FNDA:0,$s6Logger5CDLogC5clear6prefixySSSg_tFZyycfU_
FNDA:0,$s6Logger5CDLogC5clear6prefixySSSg_tFZyycfU_SSyKXEfu_
FNF:20
FNH:0
DA:14,0
DA:15,0
DA:16,0
DA:19,0
DA:20,0
DA:21,0
DA:23,0
DA:24,0
DA:25,0
DA:40,0
DA:41,0
DA:42,0
DA:43,0
DA:44,0
DA:45,0
DA:46,0
DA:47,0
DA:48,0
DA:50,0
DA:51,0
DA:52,0
DA:53,0
DA:54,0
DA:55,0
DA:56,0
DA:57,0
DA:58,0
DA:60,0
DA:61,0
DA:62,0
DA:63,0
DA:64,0
DA:65,0
DA:66,0
DA:67,0
DA:68,0
DA:70,0
DA:71,0
DA:72,0
DA:73,0
DA:74,0
DA:75,0
DA:76,0
DA:77,0
DA:79,0
DA:80,0
DA:81,0
DA:82,0
DA:83,0
DA:84,0
DA:85,0
DA:87,0
DA:88,0
DA:89,0
DA:90,0
DA:91,0
DA:92,0
DA:93,0
DA:94,0
DA:95,0
DA:96,0
DA:97,0
DA:98,0
BRF:0
BRH:0
LF:99
LH:0
end_of_record
SF:/Users/hamed/Desktop/Workspace/ios/Fanap/Logger/Sources/Logger/Cache/NSManagedObjectContext+.swift
FN:9,$sSo22NSManagedObjectContextC6LoggerE7performyyA2CC_yyKctF
FN:10,$sSo22NSManagedObjectContextC6LoggerE7performyyA2CC_yyKctFyycfU_
FN:19,$sSo22NSManagedObjectContextC6LoggerE4saveyyA2CCF
FNDA:0,$sSo22NSManagedObjectContextC6LoggerE7performyyA2CC_yyKctF
FNDA:0,$sSo22NSManagedObjectContextC6LoggerE7performyyA2CC_yyKctFyycfU_
FNDA:0,$sSo22NSManagedObjectContextC6LoggerE4saveyyA2CCF
FNF:3
FNH:0
DA:9,0
DA:10,0
DA:11,0
DA:12,0
DA:13,0
DA:14,0
DA:15,0
DA:16,0
DA:17,0
DA:19,0
DA:20,0
DA:21,0
DA:22,0
DA:23,0
DA:24,0
DA:25,0
DA:26,0
DA:27,0
DA:28,0
DA:29,0
DA:30,0
DA:31,0
DA:32,0
BRF:0
BRH:0
LF:30
LH:0
end_of_record
SF:/Users/hamed/Desktop/Workspace/ios/Fanap/Logger/Sources/Logger/Cache/PersistentManager.swift
FN:12,$s6Logger12RuntimeErrorVyACSScfC
FN:16,$s6Logger12RuntimeErrorV20localizedDescriptionSSvg
FN:23,$s6Logger17PersistentManagerC17baseModelFileNameSSvpfi
FN:25,$s6Logger17PersistentManagerCACycfc
FN:29,$s6Logger17PersistentManagerC7contextSo22NSManagedObjectContextCSgvg
FN:36,$s6Logger17PersistentManagerC9newBgTaskSo22NSManagedObjectContextCSgyF
FN:43,$s6Logger17PersistentManagerC9modelFileSo20NSManagedObjectModelCyKF
FN:45,$s6Logger17PersistentManagerC9modelFileSo20NSManagedObjectModelCyKFSSyXEfu_
FN:51,$s6Logger17PersistentManagerC13loadContaineryyF
FN:54,$s6Logger17PersistentManagerC13loadContaineryyFySo28NSPersistentStoreDescriptionC_s5Error_pSgtcfU_
FN:66,$s6Logger17PersistentManagerC6deleteyyF
FNDA:1,$s6Logger12RuntimeErrorVyACSScfC
FNDA:0,$s6Logger12RuntimeErrorV20localizedDescriptionSSvg
FNDA:1,$s6Logger17PersistentManagerC17baseModelFileNameSSvpfi
FNDA:1,$s6Logger17PersistentManagerCACycfc
FNDA:0,$s6Logger17PersistentManagerC7contextSo22NSManagedObjectContextCSgvg
FNDA:0,$s6Logger17PersistentManagerC9newBgTaskSo22NSManagedObjectContextCSgyF
FNDA:1,$s6Logger17PersistentManagerC9modelFileSo20NSManagedObjectModelCyKF
FNDA:0,$s6Logger17PersistentManagerC9modelFileSo20NSManagedObjectModelCyKFSSyXEfu_
FNDA:1,$s6Logger17PersistentManagerC13loadContaineryyF
FNDA:0,$s6Logger17PersistentManagerC13loadContaineryyFySo28NSPersistentStoreDescriptionC_s5Error_pSgtcfU_
FNDA:0,$s6Logger17PersistentManagerC6deleteyyF
FNF:11
FNH:5
DA:12,1
DA:13,1
DA:14,1
DA:16,0
DA:17,0
DA:18,0
DA:23,1
DA:25,1
DA:26,1
DA:27,1
DA:29,0
DA:30,0
DA:31,0
DA:32,0
DA:33,0
DA:34,0
DA:36,0
DA:37,0
DA:38,0
DA:39,0
DA:40,0
DA:41,0
DA:43,1
DA:44,1
DA:45,0
DA:46,0
DA:47,0
DA:51,1
DA:52,1
DA:53,1
DA:54,1
DA:55,0
DA:56,0
DA:57,0
DA:58,0
DA:59,1
DA:60,1
DA:61,1
DA:62,1
DA:63,1
DA:64,1
DA:66,0
DA:67,0
DA:68,0
DA:69,0
DA:70,0
DA:71,0
DA:72,0
DA:73,0
DA:74,0
DA:75,0
DA:76,0
DA:77,0
DA:78,0
BRF:0
BRH:0
LF:60
LH:23
end_of_record
SF:/Users/hamed/Desktop/Workspace/ios/Fanap/Logger/Sources/Logger/Extensions/Bundle+.swift
FN:9,$sSo8NSBundleC6LoggerE12moduleBundleABvgZ
FNDA:1,$sSo8NSBundleC6LoggerE12moduleBundleABvgZ
FNF:1
FNH:1
DA:9,1
DA:10,1
DA:11,1
DA:12,1
DA:13,1
DA:14,1
DA:15,1
BRF:0
BRH:0
LF:7
LH:7
end_of_record
SF:/Users/hamed/Desktop/Workspace/ios/Fanap/Logger/Sources/Logger/Logger.swift
FN:16,$s6LoggerAAC17persistentManager33_9CE9DB3D1A4A047DDBD83D3A010F8DABLLAA010PersistentC0Cvpfi
FN:18,$s6LoggerAAC6config8delegate5timer10urlSessionAbA0A6ConfigV_AA11LogDelegate_pSg8Additive13TimerProtocol_pAK010URLSessionL0_ptcfc
FN:26,$s6LoggerAAC7logJSON5title10jsonString7persist4type8userInfoySSSg_AISbAA10LogEmitterOSDyS2SGSgtF
FN:27,$s6LoggerAAC7logJSON5title10jsonString7persist4type8userInfoySSSg_AISbAA10LogEmitterOSDyS2SGSgtFSSyKXEfu_
FN:27,$s6LoggerAAC7logJSON5title10jsonString7persist4type8userInfoySSSg_AISbAA10LogEmitterOSDyS2SGSgtFSSyKXEfu0_
FN:30,$s6LoggerAAC3log5title7message7persist4type8userInfoySSSg_AISbAA10LogEmitterOSDyS2SGSgtF
FN:31,$s6LoggerAAC3log5title7message7persist4type8userInfoySSSg_AISbAA10LogEmitterOSDyS2SGSgtFSSyKXEfu_
FN:31,$s6LoggerAAC3log5title7message7persist4type8userInfoySSSg_AISbAA10LogEmitterOSDyS2SGSgtFSSyKXEfu0_
FN:34,$s6LoggerAAC14logHTTPRequest__7persist4type8userInfoy10Foundation10URLRequestV_SSSbAA10LogEmitterOSDyS2SGSgtF
FN:37,$s6LoggerAAC14logHTTPRequest__7persist4type8userInfoy10Foundation10URLRequestV_SSSbAA10LogEmitterOSDyS2SGSgtFSSyKXEfu_
FN:37,$s6LoggerAAC14logHTTPRequest__7persist4type8userInfoy10Foundation10URLRequestV_SSSbAA10LogEmitterOSDyS2SGSgtFSSyKXEfu0_
FN:38,$s6LoggerAAC14logHTTPRequest__7persist4type8userInfoy10Foundation10URLRequestV_SSSbAA10LogEmitterOSDyS2SGSgtFSSyKXEfu1_
FN:39,$s6LoggerAAC14logHTTPRequest__7persist4type8userInfoy10Foundation10URLRequestV_SSSbAA10LogEmitterOSDyS2SGSgtFAG4DataVyKXEfu2_
FN:39,$s6LoggerAAC14logHTTPRequest__7persist4type8userInfoy10Foundation10URLRequestV_SSSbAA10LogEmitterOSDyS2SGSgtFSSyKXEfu3_
FN:46,$s6LoggerAAC15logHTTPResponse___7persist4type8userInfoy10Foundation4DataVSg_So13NSURLResponseCSgs5Error_pSgSbAA10LogEmitterOSDyS2SGSgtF
FN:49,$s6LoggerAAC15logHTTPResponse___7persist4type8userInfoy10Foundation4DataVSg_So13NSURLResponseCSgs5Error_pSgSbAA10LogEmitterOSDyS2SGSgtFSSyKXEfu_
FN:50,$s6LoggerAAC15logHTTPResponse___7persist4type8userInfoy10Foundation4DataVSg_So13NSURLResponseCSgs5Error_pSgSbAA10LogEmitterOSDyS2SGSgtFAIyKXEfu0_
FN:50,$s6LoggerAAC15logHTTPResponse___7persist4type8userInfoy10Foundation4DataVSg_So13NSURLResponseCSgs5Error_pSgSbAA10LogEmitterOSDyS2SGSgtFSSyKXEfu1_
FN:59,$s6LoggerAAC3log7message7persist5level4type8userInfoySS_SbAA8LogLevelOAA0I7EmitterOSDyS2SGSgtF
FN:76,$s6LoggerAAC12startSending33_9CE9DB3D1A4A047DDBD83D3A010F8DABLLyyF
FN:78,$s6LoggerAAC12startSending33_9CE9DB3D1A4A047DDBD83D3A010F8DABLLyyFySo7NSTimerCYbcfU_
FN:80,$s6LoggerAAC12startSending33_9CE9DB3D1A4A047DDBD83D3A010F8DABLLyyFySo7NSTimerCYbcfU_yAA5CDLogCSgcfU_
FN:91,$s6LoggerAAC7sendLog33_9CE9DB3D1A4A047DDBD83D3A010F8DABLL3log7contextyAA5CDLogC_So22NSManagedObjectContextCtF
FN:97,$s6LoggerAAC7sendLog33_9CE9DB3D1A4A047DDBD83D3A010F8DABLL3log7contextyAA5CDLogC_So22NSManagedObjectContextCtFy10Foundation4DataVSg_So13NSURLResponseCSgs5Error_pSgtYbcfU_
FN:109,$s6LoggerAAC18deleteLogFromCache33_9CE9DB3D1A4A047DDBD83D3A010F8DABLL3log7contextyAA5CDLogC_So22NSManagedObjectContextCtF
FN:110,$s6LoggerAAC18deleteLogFromCache33_9CE9DB3D1A4A047DDBD83D3A010F8DABLL3log7contextyAA5CDLogC_So22NSManagedObjectContextCtFyyScMYccfU_
FN:116,$s6LoggerAAC13addLogToCache33_9CE9DB3D1A4A047DDBD83D3A010F8DABLLyyAA0C0CF
FN:121,$s6LoggerAAC5clear6prefixySS_tFZ
FNDA:1,$s6LoggerAAC17persistentManager33_9CE9DB3D1A4A047DDBD83D3A010F8DABLLAA010PersistentC0Cvpfi
FNDA:1,$s6LoggerAAC6config8delegate5timer10urlSessionAbA0A6ConfigV_AA11LogDelegate_pSg8Additive13TimerProtocol_pAK010URLSessionL0_ptcfc
FNDA:0,$s6LoggerAAC7logJSON5title10jsonString7persist4type8userInfoySSSg_AISbAA10LogEmitterOSDyS2SGSgtF
FNDA:0,$s6LoggerAAC7logJSON5title10jsonString7persist4type8userInfoySSSg_AISbAA10LogEmitterOSDyS2SGSgtFSSyKXEfu_
FNDA:0,$s6LoggerAAC7logJSON5title10jsonString7persist4type8userInfoySSSg_AISbAA10LogEmitterOSDyS2SGSgtFSSyKXEfu0_
FNDA:0,$s6LoggerAAC3log5title7message7persist4type8userInfoySSSg_AISbAA10LogEmitterOSDyS2SGSgtF
FNDA:0,$s6LoggerAAC3log5title7message7persist4type8userInfoySSSg_AISbAA10LogEmitterOSDyS2SGSgtFSSyKXEfu_
FNDA:0,$s6LoggerAAC3log5title7message7persist4type8userInfoySSSg_AISbAA10LogEmitterOSDyS2SGSgtFSSyKXEfu0_
FNDA:0,$s6LoggerAAC14logHTTPRequest__7persist4type8userInfoy10Foundation10URLRequestV_SSSbAA10LogEmitterOSDyS2SGSgtF
FNDA:0,$s6LoggerAAC14logHTTPRequest__7persist4type8userInfoy10Foundation10URLRequestV_SSSbAA10LogEmitterOSDyS2SGSgtFSSyKXEfu_
FNDA:0,$s6LoggerAAC14logHTTPRequest__7persist4type8userInfoy10Foundation10URLRequestV_SSSbAA10LogEmitterOSDyS2SGSgtFSSyKXEfu0_
FNDA:0,$s6LoggerAAC14logHTTPRequest__7persist4type8userInfoy10Foundation10URLRequestV_SSSbAA10LogEmitterOSDyS2SGSgtFSSyKXEfu1_
FNDA:0,$s6LoggerAAC14logHTTPRequest__7persist4type8userInfoy10Foundation10URLRequestV_SSSbAA10LogEmitterOSDyS2SGSgtFAG4DataVyKXEfu2_
FNDA:0,$s6LoggerAAC14logHTTPRequest__7persist4type8userInfoy10Foundation10URLRequestV_SSSbAA10LogEmitterOSDyS2SGSgtFSSyKXEfu3_
FNDA:0,$s6LoggerAAC15logHTTPResponse___7persist4type8userInfoy10Foundation4DataVSg_So13NSURLResponseCSgs5Error_pSgSbAA10LogEmitterOSDyS2SGSgtF
FNDA:0,$s6LoggerAAC15logHTTPResponse___7persist4type8userInfoy10Foundation4DataVSg_So13NSURLResponseCSgs5Error_pSgSbAA10LogEmitterOSDyS2SGSgtFSSyKXEfu_
FNDA:0,$s6LoggerAAC15logHTTPResponse___7persist4type8userInfoy10Foundation4DataVSg_So13NSURLResponseCSgs5Error_pSgSbAA10LogEmitterOSDyS2SGSgtFAIyKXEfu0_
FNDA:0,$s6LoggerAAC15logHTTPResponse___7persist4type8userInfoy10Foundation4DataVSg_So13NSURLResponseCSgs5Error_pSgSbAA10LogEmitterOSDyS2SGSgtFSSyKXEfu1_
FNDA:0,$s6LoggerAAC3log7message7persist5level4type8userInfoySS_SbAA8LogLevelOAA0I7EmitterOSDyS2SGSgtF
FNDA:1,$s6LoggerAAC12startSending33_9CE9DB3D1A4A047DDBD83D3A010F8DABLLyyF
FNDA:0,$s6LoggerAAC12startSending33_9CE9DB3D1A4A047DDBD83D3A010F8DABLLyyFySo7NSTimerCYbcfU_
FNDA:0,$s6LoggerAAC12startSending33_9CE9DB3D1A4A047DDBD83D3A010F8DABLLyyFySo7NSTimerCYbcfU_yAA5CDLogCSgcfU_
FNDA:0,$s6LoggerAAC7sendLog33_9CE9DB3D1A4A047DDBD83D3A010F8DABLL3log7contextyAA5CDLogC_So22NSManagedObjectContextCtF
FNDA:0,$s6LoggerAAC7sendLog33_9CE9DB3D1A4A047DDBD83D3A010F8DABLL3log7contextyAA5CDLogC_So22NSManagedObjectContextCtFy10Foundation4DataVSg_So13NSURLResponseCSgs5Error_pSgtYbcfU_
FNDA:0,$s6LoggerAAC18deleteLogFromCache33_9CE9DB3D1A4A047DDBD83D3A010F8DABLL3log7contextyAA5CDLogC_So22NSManagedObjectContextCtF
FNDA:0,$s6LoggerAAC18deleteLogFromCache33_9CE9DB3D1A4A047DDBD83D3A010F8DABLL3log7contextyAA5CDLogC_So22NSManagedObjectContextCtFyyScMYccfU_
FNDA:0,$s6LoggerAAC13addLogToCache33_9CE9DB3D1A4A047DDBD83D3A010F8DABLLyyAA0C0CF
FNDA:0,$s6LoggerAAC5clear6prefixySS_tFZ
FNF:28
FNH:3
DA:16,1
DA:18,1
DA:19,1
DA:20,1
DA:21,1
DA:22,1
DA:23,1
DA:24,1
DA:26,0
DA:27,0
DA:28,0
DA:30,0
DA:31,0
DA:32,0
DA:34,0
DA:35,0
DA:36,0
DA:37,0
DA:38,0
DA:39,0
DA:40,0
DA:41,0
DA:42,0
DA:43,0
DA:44,0
DA:46,0
DA:47,0
DA:48,0
DA:49,0
DA:50,0
DA:51,0
DA:52,0
DA:53,0
DA:54,0
DA:55,0
DA:56,0
DA:57,0
DA:59,0
DA:60,0
DA:61,0
DA:62,0
DA:63,0
DA:64,0
DA:65,0
DA:66,0
DA:67,0
DA:68,0
DA:69,0
DA:70,0
DA:71,0
DA:72,0
DA:73,0
DA:74,0
DA:76,1
DA:77,1
DA:78,0
DA:79,0
DA:80,0
DA:81,0
DA:82,0
DA:83,0
DA:84,0
DA:85,0
DA:86,0
DA:87,0
DA:88,0
DA:89,0
DA:91,0
DA:92,0
DA:93,0
DA:94,0
DA:95,0
DA:96,0
DA:97,0
DA:98,0
DA:99,0
DA:100,0
DA:101,0
DA:102,0
DA:103,0
DA:104,0
DA:105,0
DA:106,0
DA:107,0
DA:109,0
DA:110,0
DA:111,0
DA:112,0
DA:113,0
DA:114,0
DA:116,0
DA:117,0
DA:118,0
DA:119,0
DA:121,0
DA:122,0
DA:123,0
BRF:0
BRH:0
LF:140
LH:10
end_of_record
SF:/Users/hamed/Desktop/Workspace/ios/Fanap/Logger/Sources/Logger/Models/Log.swift
FN:10,$s6Logger3LogC2eeoiySbAC_ACtFZ
FN:14,$s6Logger3LogC4hash4intoys6HasherVz_tF
FN:36,$s6Logger3LogC4fromACs7Decoder_p_tKcfc
FN:39,$s6Logger3LogC4fromACs7Decoder_p_tKcfcSSyKXEfu_
FN:39,$s6Logger3LogC4fromACs7Decoder_p_tKcfc10Foundation4UUIDVyKXEfu0_
FN:55,$s6Logger3LogC6prefix4time7message5level2id4type8userInfoACSSSg_10Foundation4DateVAkA0B5LevelOSgAL4UUIDVAA0B7EmitterOSgSDyS2SGSgtcfc
FN:65,$s6Logger3LogC6encode2toys7Encoder_p_tKF
FNDA:0,$s6Logger3LogC2eeoiySbAC_ACtFZ
FNDA:0,$s6Logger3LogC4hash4intoys6HasherVz_tF
FNDA:0,$s6Logger3LogC4fromACs7Decoder_p_tKcfc
FNDA:0,$s6Logger3LogC4fromACs7Decoder_p_tKcfcSSyKXEfu_
FNDA:0,$s6Logger3LogC4fromACs7Decoder_p_tKcfc10Foundation4UUIDVyKXEfu0_
FNDA:0,$s6Logger3LogC6prefix4time7message5level2id4type8userInfoACSSSg_10Foundation4DateVAkA0B5LevelOSgAL4UUIDVAA0B7EmitterOSgSDyS2SGSgtcfc
FNDA:0,$s6Logger3LogC6encode2toys7Encoder_p_tKF
FNF:7
FNH:0
DA:10,0
DA:11,0
DA:12,0
DA:14,0
DA:15,0
DA:16,0
DA:36,0
DA:37,0
DA:38,0
DA:39,0
DA:40,0
DA:41,0
DA:42,0
DA:43,0
DA:44,0
DA:45,0
DA:55,0
DA:56,0
DA:57,0
DA:58,0
DA:59,0
DA:60,0
DA:61,0
DA:62,0
DA:63,0
DA:65,0
DA:66,0
DA:67,0
DA:68,0
DA:69,0
DA:70,0
DA:71,0
DA:72,0
DA:73,0
DA:74,0
BRF:0
BRH:0
LF:37
LH:0
end_of_record
SF:/Users/hamed/Desktop/Workspace/ios/Fanap/Logger/Sources/Logger/Models/LogEmitter.swift
FN:11,$s6Logger10LogEmitterO2idACvg
FNDA:0,$s6Logger10LogEmitterO2idACvg
FNF:1
FNH:0
DA:11,0
BRF:0
BRH:0
LF:1
LH:0
end_of_record
SF:/Users/hamed/Desktop/Workspace/ios/Fanap/Logger/Sources/Logger/Models/LoggerConfig.swift
FN:12,$s6Logger0A6ConfigV15logServerMethodSSvpfi
FN:13,$s6Logger0A6ConfigV23logServerRequestheadersSDyS2SGvpfi
FN:14,$s6Logger0A6ConfigV19persistLogsOnServerSbvpfi
FN:15,$s6Logger0A6ConfigV15sendLogIntervalSdvpfi
FN:18,$s6Logger0A6ConfigV21isDebuggingLogEnabledSbvpfi
FN:28,$s6Logger0A6ConfigV6prefix12logServerURL0dE6Method013persistLogsOnE021isDebuggingLogEnabled04sendM8Interval0dE14RequestheadersACSS_SSSgSSS2bSdSDyS2SGtcfC
FNDA:1,$s6Logger0A6ConfigV15logServerMethodSSvpfi
FNDA:1,$s6Logger0A6ConfigV23logServerRequestheadersSDyS2SGvpfi
FNDA:1,$s6Logger0A6ConfigV19persistLogsOnServerSbvpfi
FNDA:1,$s6Logger0A6ConfigV15sendLogIntervalSdvpfi
FNDA:1,$s6Logger0A6ConfigV21isDebuggingLogEnabledSbvpfi
FNDA:1,$s6Logger0A6ConfigV6prefix12logServerURL0dE6Method013persistLogsOnE021isDebuggingLogEnabled04sendM8Interval0dE14RequestheadersACSS_SSSgSSS2bSdSDyS2SGtcfC
FNF:6
FNH:6
DA:12,1
DA:13,1
DA:14,1
DA:15,1
DA:18,1
DA:28,1
DA:29,1
DA:30,1
DA:31,1
DA:32,1
DA:33,1
DA:34,1
DA:35,1
DA:36,1
BRF:0
BRH:0
LF:14
LH:14
end_of_record
